<?xml version="1.0" encoding="UTF-8"?>
<!-- Generated by org.testng.reporters.JUnitReportReporter -->
<testsuite hostname="RSIMAC-13594" failures="0" tests="1" name="com.qa.reqress.api.testcases.GetAllUserTest" time="2.426" errors="0" timestamp="2025-08-06T15:59:01 IST" skipped="0">
  <testcase classname="com.qa.reqress.api.testcases.GetAllUserTest" name="getAllUser" time="2.426"/>
  <system-out/>
</testsuite> <!-- com.qa.reqress.api.testcases.GetAllUserTest -->
