<?xml version="1.0" encoding="UTF-8"?>
<!-- Generated by org.testng.reporters.JUnitReportReporter -->
<testsuite hostname="Jyoti" failures="0" tests="1" name="com.qa.api.testcases.SpotifyTest" time="0.883" errors="0" timestamp="2025-08-12T22:14:41 IST" skipped="0">
  <testcase classname="com.qa.api.testcases.SpotifyTest" name="verifySpotifyToken" time="0.883"/>
</testsuite> <!-- com.qa.api.testcases.SpotifyTest -->
