<?xml version="1.0" encoding="UTF-8"?>
<!-- Generated by org.testng.reporters.JUnitReportReporter -->
<testsuite hostname="RSIMAC-13594" failures="0" tests="1" name="com.qa.api.testcases.SpotifyTest" time="6.832" errors="0" timestamp="2025-08-05T19:20:23 IST" skipped="0">
  <testcase classname="com.qa.api.testcases.SpotifyTest" name="GetVodMedia" time="6.832"/>
  <system-out/>
</testsuite> <!-- com.qa.api.testcases.SpotifyTest -->
