<?xml version="1.0" encoding="UTF-8"?>
<!-- Generated by org.testng.reporters.JUnitReportReporter -->
<testsuite hostname="Jyoti" failures="0" tests="1" name="com.qa.reqress.api.testcases.GetAllUserTest" time="1.233" errors="0" timestamp="2025-08-06T18:40:04 IST" skipped="0">
  <testcase classname="com.qa.reqress.api.testcases.GetAllUserTest" name="getAllUser" time="1.233"/>
  <system-out/>
</testsuite> <!-- com.qa.reqress.api.testcases.GetAllUserTest -->
