<?xml version="1.0" encoding="UTF-8"?>
<!-- Generated by org.testng.reporters.JUnitReportReporter -->
<testsuite hostname="Jyoti" failures="0" tests="2" name="com.qa.reqress.api.testcases.GetAllUserTest" time="2.466" errors="0" timestamp="2025-08-12T22:14:41 IST" skipped="0">
  <testcase classname="com.qa.reqress.api.testcases.GetAllUserTest" name="getAllUserWithJsonPathQuery" time="2.200"/>
  <testcase classname="com.qa.reqress.api.testcases.GetAllUserTest" name="getAllUserWithPOJO" time="0.266"/>
</testsuite> <!-- com.qa.reqress.api.testcases.GetAllUserTest -->
