<?xml version="1.0" encoding="UTF-8"?>
<!-- Generated by org.testng.reporters.JUnitReportReporter -->
<testsuite hostname="Jyoti" failures="0" tests="2" name="com.qa.api.testcases.CreatePet" time="3.988" errors="0" timestamp="2025-08-12T22:14:41 IST" skipped="0">
  <testcase classname="com.qa.api.testcases.CreatePet" name="create_PetWithJsonPathQuery" time="1.797"/>
  <testcase classname="com.qa.api.testcases.CreatePet" name="create_Pet" time="2.191"/>
</testsuite> <!-- com.qa.api.testcases.CreatePet -->
